app/build/intermediates/manifest_merge_blame_file/debug/manifest-merger-blame-debug-report.txt
1<?xml version="1.0" encoding="utf-8"?>
2<manifest xmlns:android="http://schemas.android.com/apk/res/android"
3    package="com.sabin.sastofurniture"
4    android:versionCode="1"
5    android:versionName="1.0" >
6
7    <uses-sdk
8        android:minSdkVersion="21"
8-->src\main\AndroidManifest.xml
9        android:targetSdkVersion="28" />
9-->src\main\AndroidManifest.xml
10    <!--
11         The ACCESS_COARSE/FINE_LOCATION permissions are not required to use
12         Google Maps Android API v2, but you must specify either coarse or fine
13         location permissions for the "MyLocation" functionality.
14    -->
15    <uses-permission android:name="android.permission.ACCESS_FINE_LOCATION" />
15-->src\main\AndroidManifest.xml:9:5-79
15-->src\main\AndroidManifest.xml:9:22-76
16    <uses-permission android:name="android.permission.CAMERA" />
16-->src\main\AndroidManifest.xml:10:5-65
16-->src\main\AndroidManifest.xml:10:22-62
17    <uses-permission android:name="android.permission.READ_EXTERNAL_STORAGE" />
17-->src\main\AndroidManifest.xml:11:5-80
17-->src\main\AndroidManifest.xml:11:22-77
18    <uses-permission android:name="android.permission.WRITE_INTERNAL_STORAGE" />
18-->src\main\AndroidManifest.xml:12:5-81
18-->src\main\AndroidManifest.xml:12:22-78
19    <uses-permission android:name="android.permission.READ_INTERNAL_STORAGE" />
19-->src\main\AndroidManifest.xml:13:5-80
19-->src\main\AndroidManifest.xml:13:22-77
20    <uses-permission android:name="android.permission.INTERNET" />
20-->src\main\AndroidManifest.xml:14:5-67
20-->src\main\AndroidManifest.xml:14:22-64
21    <uses-permission android:name="android.permission.ACCESS_NETWORK_STATE" />
21-->src\main\AndroidManifest.xml:15:5-79
21-->src\main\AndroidManifest.xml:15:22-76
22
23    <uses-feature
23-->[com.google.android.gms:play-services-maps:17.0.0] AndroidManifest.xml:26:5-28:35
24        android:glEsVersion="0x00020000"
24-->[com.google.android.gms:play-services-maps:17.0.0] AndroidManifest.xml:27:9-41
25        android:required="true" />
25-->[com.google.android.gms:play-services-maps:17.0.0] AndroidManifest.xml:28:9-32
26
27    <application
27-->src\main\AndroidManifest.xml:17:5-55:19
28        android:allowBackup="true"
28-->src\main\AndroidManifest.xml:18:9-35
29        android:appComponentFactory="androidx.core.app.CoreComponentFactory"
29-->[androidx.core:core:1.3.2] AndroidManifest.xml:24:18-86
30        android:debuggable="true"
31        android:icon="@drawable/icon_logo1"
31-->src\main\AndroidManifest.xml:19:9-44
32        android:label="@string/app_name"
32-->src\main\AndroidManifest.xml:20:9-41
33        android:roundIcon="@mipmap/ic_launcher_round"
33-->src\main\AndroidManifest.xml:21:9-54
34        android:supportsRtl="true"
34-->src\main\AndroidManifest.xml:22:9-35
35        android:testOnly="true"
36        android:theme="@style/Theme.SastoFurniture"
36-->src\main\AndroidManifest.xml:23:9-52
37        android:usesCleartextTraffic="true" >
37-->src\main\AndroidManifest.xml:24:9-44
38        <activity android:name="com.sabin.sastofurniture.Show_Product" />
38-->src\main\AndroidManifest.xml:25:9-59
38-->src\main\AndroidManifest.xml:25:19-47
39        <activity android:name="com.sabin.sastofurniture.CartProductShow" />
39-->src\main\AndroidManifest.xml:26:9-62
39-->src\main\AndroidManifest.xml:26:19-50
40        <activity android:name="com.sabin.sastofurniture.CheckOut" />
40-->src\main\AndroidManifest.xml:27:9-55
40-->src\main\AndroidManifest.xml:27:19-43
41
42        <!--
43             The API key for Google Maps-based APIs is defined as a string resource.
44             (See the file "res/values/google_maps_api.xml").
45             Note that the API key is linked to the encryption key used to sign the APK.
46             You need a different API key for each encryption key, including the release key that is used to
47             sign the APK for publishing.
48             You can define the keys for the debug and release targets in src/debug/ and src/release/.
49        -->
50        <meta-data
50-->src\main\AndroidManifest.xml:37:9-39:55
51            android:name="com.google.android.geo.API_KEY"
51-->src\main\AndroidManifest.xml:38:13-58
52            android:value="@string/google_maps_key" />
52-->src\main\AndroidManifest.xml:39:13-52
53
54        <activity
54-->src\main\AndroidManifest.xml:41:9-43:59
55            android:name="com.sabin.sastofurniture.Fragments.MapsActivity"
55-->src\main\AndroidManifest.xml:42:13-51
56            android:label="@string/title_activity_maps" />
56-->src\main\AndroidManifest.xml:43:13-56
57        <activity android:name="com.sabin.sastofurniture.LoginActivity" />
57-->src\main\AndroidManifest.xml:44:9-51
57-->src\main\AndroidManifest.xml:44:19-48
58        <activity android:name="com.sabin.sastofurniture.SignupActivity" />
58-->src\main\AndroidManifest.xml:45:9-52
58-->src\main\AndroidManifest.xml:45:19-49
59        <activity android:name="com.sabin.sastofurniture.UpdateUser" />
59-->src\main\AndroidManifest.xml:46:9-48
59-->src\main\AndroidManifest.xml:46:19-45
60        <activity android:name="com.sabin.sastofurniture.DashboardActivity" />
60-->src\main\AndroidManifest.xml:47:9-55
60-->src\main\AndroidManifest.xml:47:19-52
61        <activity android:name="com.sabin.sastofurniture.SplashActivity" >
61-->src\main\AndroidManifest.xml:48:9-54:20
61-->src\main\AndroidManifest.xml:48:19-49
62            <intent-filter>
62-->src\main\AndroidManifest.xml:49:13-53:29
63                <action android:name="android.intent.action.MAIN" />
63-->src\main\AndroidManifest.xml:50:17-69
63-->src\main\AndroidManifest.xml:50:25-66
64
65                <category android:name="android.intent.category.LAUNCHER" />
65-->src\main\AndroidManifest.xml:52:17-77
65-->src\main\AndroidManifest.xml:52:27-74
66            </intent-filter>
67        </activity>
68        <!-- Needs to be explicitly declared on P+ -->
69        <uses-library
69-->[com.google.android.gms:play-services-maps:17.0.0] AndroidManifest.xml:33:9-35:40
70            android:name="org.apache.http.legacy"
70-->[com.google.android.gms:play-services-maps:17.0.0] AndroidManifest.xml:34:13-50
71            android:required="false" />
71-->[com.google.android.gms:play-services-maps:17.0.0] AndroidManifest.xml:35:13-37
72
73        <service
73-->[androidx.room:room-runtime:2.2.6] AndroidManifest.xml:25:9-28:40
74            android:name="androidx.room.MultiInstanceInvalidationService"
74-->[androidx.room:room-runtime:2.2.6] AndroidManifest.xml:26:13-74
75            android:directBootAware="true"
75-->[androidx.room:room-runtime:2.2.6] AndroidManifest.xml:27:13-43
76            android:exported="false" />
76-->[androidx.room:room-runtime:2.2.6] AndroidManifest.xml:28:13-37
77
78        <activity
78-->[com.google.android.gms:play-services-base:17.0.0] AndroidManifest.xml:23:9-26:75
79            android:name="com.google.android.gms.common.api.GoogleApiActivity"
79-->[com.google.android.gms:play-services-base:17.0.0] AndroidManifest.xml:24:13-79
80            android:exported="false"
80-->[com.google.android.gms:play-services-base:17.0.0] AndroidManifest.xml:25:13-37
81            android:theme="@android:style/Theme.Translucent.NoTitleBar" />
81-->[com.google.android.gms:play-services-base:17.0.0] AndroidManifest.xml:26:13-72
82
83        <meta-data
83-->[com.google.android.gms:play-services-basement:17.0.0] AndroidManifest.xml:23:9-25:69
84            android:name="com.google.android.gms.version"
84-->[com.google.android.gms:play-services-basement:17.0.0] AndroidManifest.xml:24:13-58
85            android:value="@integer/google_play_services_version" />
85-->[com.google.android.gms:play-services-basement:17.0.0] AndroidManifest.xml:25:13-66
86    </application>
87
88</manifest>